<?xml version="1.0" encoding="UTF-8"?>
<testsuite xmlns:xsi="http://www.w3.org/2001/XMLSchema-instance" xsi:noNamespaceSchemaLocation="https://maven.apache.org/surefire/maven-surefire-plugin/xsd/surefire-test-report-3.0.xsd" version="3.0" name="com.markdowntoword.converter.LinkConverterTest" time="0.034" tests="23" errors="0" skipped="0" failures="0">
  <properties>
[...]
</properties>
  <testcase name="savedDocument_reopened_multipleHyperlinksArePreserved" classname="com.markdowntoword.converter.LinkConverterTest" time="0.007"/>
  <testcase name="addHyperlink_withMailtoUrl_createsHyperlink" classname="com.markdowntoword.converter.LinkConverterTest" time="0.001"/>
  <testcase name="addHyperlink_withMultipleHyperlinks_sequentially" classname="com.markdowntoword.converter.LinkConverterTest" time="0.001"/>
  <testcase name="addHyperlink_withEmptyText_createsParagraphWithHyperlink" classname="com.markdowntoword.converter.LinkConverterTest" time="0.001"/>
  <testcase name="addHyperlink_withSpecialCharacters_createsParagraphWithHyperlink" classname="com.markdowntoword.converter.LinkConverterTest" time="0.001"/>
  <testcase name="addHyperlink_withNullText_throwsIllegalArgumentException" classname="com.markdowntoword.converter.LinkConverterTest" time="0.001"/>
  <testcase name="constructor_initializesDocument" classname="com.markdowntoword.converter.LinkConverterTest" time="0.0"/>
  <testcase name="savedDocument_reopened_hyperlinkIsPreserved" classname="com.markdowntoword.converter.LinkConverterTest" time="0.004"/>
  <testcase name="addHyperlink_withSimpleText_createsParagraphWithHyperlink" classname="com.markdowntoword.converter.LinkConverterTest" time="0.001"/>
  <testcase name="convertDocument_withMixedContent_convertsOnlyLinks" classname="com.markdowntoword.converter.LinkConverterTest" time="0.003"/>
  <testcase name="addHyperlink_withLongText_createsParagraphWithHyperlink" classname="com.markdowntoword.converter.LinkConverterTest" time="0.001"/>
  <testcase name="addHyperlink_withFtpUrl_createsHyperlink" classname="com.markdowntoword.converter.LinkConverterTest" time="0.001"/>
  <testcase name="constructor_withNullDocument_throwsIllegalArgumentException" classname="com.markdowntoword.converter.LinkConverterTest" time="0.001"/>
  <testcase name="convertDocument_withMultipleLinks_convertsAllLinks" classname="com.markdowntoword.converter.LinkConverterTest" time="0.001"/>
  <testcase name="convertDocument_withNull_throwsIllegalArgumentException" classname="com.markdowntoword.converter.LinkConverterTest" time="0.001"/>
  <testcase name="convertDocument_withNoLinks_createsNoParagraphs" classname="com.markdowntoword.converter.LinkConverterTest" time="0.002"/>
  <testcase name="convertLink_withNull_throwsIllegalArgumentException" classname="com.markdowntoword.converter.LinkConverterTest" time="0.001"/>
  <testcase name="addHyperlink_withHttpUrl_createsHyperlink" classname="com.markdowntoword.converter.LinkConverterTest" time="0.001"/>
  <testcase name="addHyperlink_withNullUrl_throwsIllegalArgumentException" classname="com.markdowntoword.converter.LinkConverterTest" time="0.001"/>
  <testcase name="convertLink_withSimpleLink_createsHyperlinkParagraph" classname="com.markdowntoword.converter.LinkConverterTest" time="0.001"/>
  <testcase name="addHyperlink_withHttpsUrl_createsHyperlink" classname="com.markdowntoword.converter.LinkConverterTest" time="0.001"/>
  <testcase name="addHyperlink_withBlankUrl_throwsIllegalArgumentException" classname="com.markdowntoword.converter.LinkConverterTest" time="0.001"/>
  <testcase name="convertLink_withLongLinkText_createsHyperlinkParagraph" classname="com.markdowntoword.converter.LinkConverterTest" time="0.001"/>
</testsuite>